<?xml version="1.0" encoding="UTF-8"?>
<!-- Generated by org.testng.reporters.JUnitReportReporter -->
<testsuite hostname="LAPTOP-FA2GR7UQ" failures="0" tests="1" name="com.orangeHRM.Test.Standalone" time="15.813" errors="0" timestamp="26 Dec 2023 15:01:20 GMT">
  <testcase classname="com.orangeHRM.Test.Standalone" name="loginFunction" time="15.813"/>
</testsuite> <!-- com.orangeHRM.Test.Standalone -->
