<?xml version="1.0" encoding="UTF-8"?>
<!-- Generated by org.testng.reporters.JUnitReportReporter -->
<testsuite hostname="LAPTOP-FA2GR7UQ" failures="0" tests="1" name="com.orangeHRM.base.BaseClass" time="4.022" errors="0" timestamp="3 Dec 2023 08:54:28 GMT">
  <testcase classname="com.orangeHRM.base.BaseClass" name="setUpBrowser" time="4.022"/>
</testsuite> <!-- com.orangeHRM.base.BaseClass -->
